[2021-03-21T14:15:05.166Z] [error]: [uncaughtException: morgan is not defined
ReferenceError: morgan is not defined
    at Object.<anonymous> (C:\Users\ram\Pictures\netswitch\app.js:18:5)
    at Module._compile (internal/modules/cjs/loader.js:1201:30)
    at Object.Module._extensions..js (internal/modules/cjs/loader.js:1221:10)
    at Module.load (internal/modules/cjs/loader.js:1050:32)
    at Function.Module._load (internal/modules/cjs/loader.js:938:14)
    at Function.executeUserEntryPoint [as runMain] (internal/modules/run_main.js:71:12)
    at internal/main/run_main_module.js:17:47]
[2021-03-21T14:15:34.918Z] [info]: [* /users]
[2021-03-21T14:16:16.687Z] [info]: [::1 - - [21/Mar/2021:14:16:16 +0000] "GET /netswitch/api/users/getbyid/1 HTTP/1.1" 500 32 "-" "Mozilla/5.0 (Windows NT 10.0; Win64; x64) AppleWebKit/537.36 (KHTML, like Gecko) Chrome/89.0.4389.90 Safari/537.36"
]
[2021-03-21T14:16:16.938Z] [info]: [::1 - - [21/Mar/2021:14:16:16 +0000] "GET /favicon.ico HTTP/1.1" 500 32 "http://localhost:3000/netswitch/api/users/getbyid/1" "Mozilla/5.0 (Windows NT 10.0; Win64; x64) AppleWebKit/537.36 (KHTML, like Gecko) Chrome/89.0.4389.90 Safari/537.36"
]
[2021-03-21T14:17:18.246Z] [info]: [* /users]
[2021-03-21T14:17:21.555Z] [info]: [::1 - - [21/Mar/2021:14:17:21 +0000] "GET /netswitch/api/users/getbyid/1 HTTP/1.1" 500 32 "-" "Mozilla/5.0 (Windows NT 10.0; Win64; x64) AppleWebKit/537.36 (KHTML, like Gecko) Chrome/89.0.4389.90 Safari/537.36"
]
[2021-03-21T14:17:21.681Z] [info]: [::1 - - [21/Mar/2021:14:17:21 +0000] "GET /favicon.ico HTTP/1.1" 500 32 "http://localhost:3000/netswitch/api/users/getbyid/1" "Mozilla/5.0 (Windows NT 10.0; Win64; x64) AppleWebKit/537.36 (KHTML, like Gecko) Chrome/89.0.4389.90 Safari/537.36"
]
[2021-03-21T14:17:37.637Z] [info]: [* /users]
[2021-03-21T14:17:40.114Z] [info]: [::1 - - [21/Mar/2021:14:17:40 +0000] "GET /netswitch/api/users/getbyid/1 HTTP/1.1" 404 241 "-" "Mozilla/5.0 (Windows NT 10.0; Win64; x64) AppleWebKit/537.36 (KHTML, like Gecko) Chrome/89.0.4389.90 Safari/537.36"
]
[2021-03-21T14:22:18.378Z] [info]: [* /users]
[2021-03-21T14:22:18.397Z] [error]: [uncaughtException: listen EADDRINUSE: address already in use :::3000
Error: listen EADDRINUSE: address already in use :::3000
    at Server.setupListenHandle [as _listen2] (net.js:1316:16)
    at listenInCluster (net.js:1364:12)
    at Server.listen (net.js:1450:7)
    at Function.listen (C:\Users\ram\Pictures\netswitch\node_modules\express\lib\application.js:618:24)
    at Object.<anonymous> (C:\Users\ram\Pictures\netswitch\app.js:75:18)
    at Module._compile (internal/modules/cjs/loader.js:1201:30)
    at Object.Module._extensions..js (internal/modules/cjs/loader.js:1221:10)
    at Module.load (internal/modules/cjs/loader.js:1050:32)
    at Function.Module._load (internal/modules/cjs/loader.js:938:14)
    at Function.executeUserEntryPoint [as runMain] (internal/modules/run_main.js:71:12)]
[2021-03-21T14:22:29.554Z] [info]: [* /users]
[2021-03-21T14:22:37.361Z] [info]: [::1 - - [21/Mar/2021:14:22:37 +0000] "GET /netswitch/api/users/getbyid/1 HTTP/1.1" 500 32 "-" "Mozilla/5.0 (Windows NT 10.0; Win64; x64) AppleWebKit/537.36 (KHTML, like Gecko) Chrome/89.0.4389.90 Safari/537.36"
]
[2021-03-21T14:22:37.564Z] [info]: [::1 - - [21/Mar/2021:14:22:37 +0000] "GET /favicon.ico HTTP/1.1" 500 32 "http://localhost:3000/netswitch/api/users/getbyid/1" "Mozilla/5.0 (Windows NT 10.0; Win64; x64) AppleWebKit/537.36 (KHTML, like Gecko) Chrome/89.0.4389.90 Safari/537.36"
]
[2021-03-21T14:22:59.686Z] [info]: [* /users]
[2021-03-21T14:23:02.408Z] [info]: [::1 - - [21/Mar/2021:14:23:02 +0000] "GET /netswitch/api/users/getbyid/1 HTTP/1.1" 404 241 "-" "Mozilla/5.0 (Windows NT 10.0; Win64; x64) AppleWebKit/537.36 (KHTML, like Gecko) Chrome/89.0.4389.90 Safari/537.36"
]
[2021-03-21T14:23:32.624Z] [info]: [* /users]
[2021-03-21T14:23:35.236Z] [info]: [::1 - - [21/Mar/2021:14:23:35 +0000] "GET /netswitch/api/users/getbyid/1 HTTP/1.1" 500 34 "-" "Mozilla/5.0 (Windows NT 10.0; Win64; x64) AppleWebKit/537.36 (KHTML, like Gecko) Chrome/89.0.4389.90 Safari/537.36"
]
[2021-03-21T14:23:35.441Z] [info]: [::1 - - [21/Mar/2021:14:23:35 +0000] "GET /favicon.ico HTTP/1.1" 404 241 "http://localhost:3000/netswitch/api/users/getbyid/1" "Mozilla/5.0 (Windows NT 10.0; Win64; x64) AppleWebKit/537.36 (KHTML, like Gecko) Chrome/89.0.4389.90 Safari/537.36"
]
[2021-03-21T14:24:15.099Z] [info]: [* /users]
[2021-03-21T14:24:17.967Z] [info]: [::1 - - [21/Mar/2021:14:24:17 +0000] "GET /netswitch/api/users/getbyid/1 HTTP/1.1" 200 2 "-" "Mozilla/5.0 (Windows NT 10.0; Win64; x64) AppleWebKit/537.36 (KHTML, like Gecko) Chrome/89.0.4389.90 Safari/537.36"
]
[2021-03-21T14:28:29.357Z] [info]: [* /users]
[2021-03-21T14:28:55.465Z] [info]: [::1 - - [21/Mar/2021:14:28:55 +0000] "GET /netswitch/api/users/getbyid/1 HTTP/1.1" 304 - "-" "Mozilla/5.0 (Windows NT 10.0; Win64; x64) AppleWebKit/537.36 (KHTML, like Gecko) Chrome/89.0.4389.90 Safari/537.36"
]
[2021-03-21T14:29:21.432Z] [info]: [* /users]
[2021-03-21T14:29:28.679Z] [info]: [::1 - - [21/Mar/2021:14:29:28 +0000] "GET /netswitch/api/users/getbyid/1 HTTP/1.1" 200 61 "-" "Mozilla/5.0 (Windows NT 10.0; Win64; x64) AppleWebKit/537.36 (KHTML, like Gecko) Chrome/89.0.4389.90 Safari/537.36"
]
